<?xml version="1.0" encoding="UTF-8"?>
<!-- Generated by org.testng.reporters.JUnitReportReporter -->
<testsuite hostname="Dhruvs-Mac-mini.local" failures="0" tests="1" name="com.adpushup.mavenproject.TC05_Box1_AdRefreshBackToSameTab" time="34.323" errors="0" timestamp="2021-08-28T15:46:54 IST" skipped="0">
  <testcase classname="com.adpushup.mavenproject.TC05_Box1_AdRefreshBackToSameTab" name="adrefreshValidation_BOX1" time="34.323"/>
  <system-out/>
</testsuite> <!-- com.adpushup.mavenproject.TC05_Box1_AdRefreshBackToSameTab -->
