<?xml version="1.0" encoding="UTF-8"?>
<!-- Generated by org.testng.reporters.JUnitReportReporter -->
<testsuite hostname="Dhruvs-Mac-mini.local" failures="0" tests="1" name="com.adpushup.mavenproject.TC01_Box1_30sec_display" time="3.713" errors="0" timestamp="2021-08-28T15:46:53 IST" skipped="0">
  <testcase classname="com.adpushup.mavenproject.TC01_Box1_30sec_display" name="box1_validation" time="3.713"/>
  <system-out/>
</testsuite> <!-- com.adpushup.mavenproject.TC01_Box1_30sec_display -->
